<?xml version="1.0" encoding="UTF-8"?>
<!-- Generated by org.testng.reporters.JUnitReportReporter -->
<testsuite hostname="BINTERNS-QA47L" failures="0" tests="10" name="TEST.banktest1" time="28.855" errors="0" timestamp="2023-05-11T15:56:44 IST" skipped="0">
  <testcase classname="TEST.banktest1" name="logo_displaycheck" time="1.195"/>
  <system-out/>
  <testcase classname="TEST.banktest1" name="Customerlogin" time="3.056"/>
  <system-out/>
  <testcase classname="TEST.banktest1" name="user_login_check" time="2.129"/>
  <system-out/>
  <testcase classname="TEST.banktest1" name="deposit_ch" time="2.478"/>
  <system-out/>
  <testcase classname="TEST.banktest1" name="withdrwal_ch" time="4.144"/>
  <system-out/>
  <testcase classname="TEST.banktest1" name="transaction_check" time="4.111"/>
  <system-out/>
  <testcase classname="TEST.banktest1" name="home_check_button" time="2.052"/>
  <system-out/>
  <testcase classname="TEST.banktest1" name="bankmanagercheck" time="2.049"/>
  <system-out/>
  <testcase classname="TEST.banktest1" name="OpenBankAccount" time="5.582"/>
  <system-out/>
  <testcase classname="TEST.banktest1" name="BankCustomerList_Check" time="2.059"/>
  <system-out/>
</testsuite> <!-- TEST.banktest1 -->
